[2025-02-05 17:29:50,265][__main__][INFO] - Found GPU with device_name NVIDIA GeForce RTX 4090. Will run RFdiffusion on NVIDIA GeForce RTX 4090
[2025-02-05 17:29:50,265][rfdiffusion.inference.model_runners][INFO] - Reading checkpoint from /home/gangjin/RFdiffusion/rfdiffusion/inference/../../models/InpaintSeq_ckpt.pt
[2025-02-05 17:29:52,716][rfdiffusion.inference.model_runners][INFO] - Loading checkpoint.
[2025-02-05 17:29:52,822][rfdiffusion.diffusion][INFO] - Using cached IGSO3.
[2025-02-05 17:29:52,829][__main__][INFO] - Making design output_ppi_0
[2025-02-05 17:29:52,833][rfdiffusion.inference.model_runners][INFO] - Using contig: ['B10-35/0 70-100']
[2025-02-05 17:29:52,846][rfdiffusion.inference.model_runners][INFO] - Sequence init: ----------------------------------------------------------------------------------------------------GTFTSDVSSYLEGQAAKEFIAWLVKG
[2025-02-05 17:29:54,030][rfdiffusion.inference.model_runners][INFO] - Timestep 50, input to next step: ----------------------------------------------------------------------------------------------------GTFTSDVSSYLEGQAAKEFIAWLVKG
[2025-02-05 17:29:54,397][rfdiffusion.inference.model_runners][INFO] - Timestep 49, input to next step: ----------------------------------------------------------------------------------------------------GTFTSDVSSYLEGQAAKEFIAWLVKG
[2025-02-05 17:29:54,747][rfdiffusion.inference.model_runners][INFO] - Timestep 48, input to next step: ----------------------------------------------------------------------------------------------------GTFTSDVSSYLEGQAAKEFIAWLVKG
[2025-02-05 17:29:55,095][rfdiffusion.inference.model_runners][INFO] - Timestep 47, input to next step: ----------------------------------------------------------------------------------------------------GTFTSDVSSYLEGQAAKEFIAWLVKG
[2025-02-05 17:29:55,444][rfdiffusion.inference.model_runners][INFO] - Timestep 46, input to next step: ----------------------------------------------------------------------------------------------------GTFTSDVSSYLEGQAAKEFIAWLVKG
[2025-02-05 17:29:55,792][rfdiffusion.inference.model_runners][INFO] - Timestep 45, input to next step: ----------------------------------------------------------------------------------------------------GTFTSDVSSYLEGQAAKEFIAWLVKG
[2025-02-05 17:29:56,141][rfdiffusion.inference.model_runners][INFO] - Timestep 44, input to next step: ----------------------------------------------------------------------------------------------------GTFTSDVSSYLEGQAAKEFIAWLVKG
[2025-02-05 17:29:56,489][rfdiffusion.inference.model_runners][INFO] - Timestep 43, input to next step: ----------------------------------------------------------------------------------------------------GTFTSDVSSYLEGQAAKEFIAWLVKG
[2025-02-05 17:29:56,844][rfdiffusion.inference.model_runners][INFO] - Timestep 42, input to next step: ----------------------------------------------------------------------------------------------------GTFTSDVSSYLEGQAAKEFIAWLVKG
[2025-02-05 17:29:57,193][rfdiffusion.inference.model_runners][INFO] - Timestep 41, input to next step: ----------------------------------------------------------------------------------------------------GTFTSDVSSYLEGQAAKEFIAWLVKG
[2025-02-05 17:29:57,543][rfdiffusion.inference.model_runners][INFO] - Timestep 40, input to next step: ----------------------------------------------------------------------------------------------------GTFTSDVSSYLEGQAAKEFIAWLVKG
[2025-02-05 17:29:57,892][rfdiffusion.inference.model_runners][INFO] - Timestep 39, input to next step: ----------------------------------------------------------------------------------------------------GTFTSDVSSYLEGQAAKEFIAWLVKG
[2025-02-05 17:29:58,241][rfdiffusion.inference.model_runners][INFO] - Timestep 38, input to next step: ----------------------------------------------------------------------------------------------------GTFTSDVSSYLEGQAAKEFIAWLVKG
[2025-02-05 17:29:58,589][rfdiffusion.inference.model_runners][INFO] - Timestep 37, input to next step: ----------------------------------------------------------------------------------------------------GTFTSDVSSYLEGQAAKEFIAWLVKG
[2025-02-05 17:29:58,937][rfdiffusion.inference.model_runners][INFO] - Timestep 36, input to next step: ----------------------------------------------------------------------------------------------------GTFTSDVSSYLEGQAAKEFIAWLVKG
[2025-02-05 17:29:59,285][rfdiffusion.inference.model_runners][INFO] - Timestep 35, input to next step: ----------------------------------------------------------------------------------------------------GTFTSDVSSYLEGQAAKEFIAWLVKG
[2025-02-05 17:29:59,633][rfdiffusion.inference.model_runners][INFO] - Timestep 34, input to next step: ----------------------------------------------------------------------------------------------------GTFTSDVSSYLEGQAAKEFIAWLVKG
[2025-02-05 17:29:59,982][rfdiffusion.inference.model_runners][INFO] - Timestep 33, input to next step: ----------------------------------------------------------------------------------------------------GTFTSDVSSYLEGQAAKEFIAWLVKG
[2025-02-05 17:30:00,329][rfdiffusion.inference.model_runners][INFO] - Timestep 32, input to next step: ----------------------------------------------------------------------------------------------------GTFTSDVSSYLEGQAAKEFIAWLVKG
[2025-02-05 17:30:00,677][rfdiffusion.inference.model_runners][INFO] - Timestep 31, input to next step: ----------------------------------------------------------------------------------------------------GTFTSDVSSYLEGQAAKEFIAWLVKG
[2025-02-05 17:30:01,025][rfdiffusion.inference.model_runners][INFO] - Timestep 30, input to next step: ----------------------------------------------------------------------------------------------------GTFTSDVSSYLEGQAAKEFIAWLVKG
[2025-02-05 17:30:01,373][rfdiffusion.inference.model_runners][INFO] - Timestep 29, input to next step: ----------------------------------------------------------------------------------------------------GTFTSDVSSYLEGQAAKEFIAWLVKG
[2025-02-05 17:30:01,721][rfdiffusion.inference.model_runners][INFO] - Timestep 28, input to next step: ----------------------------------------------------------------------------------------------------GTFTSDVSSYLEGQAAKEFIAWLVKG
[2025-02-05 17:30:02,069][rfdiffusion.inference.model_runners][INFO] - Timestep 27, input to next step: ----------------------------------------------------------------------------------------------------GTFTSDVSSYLEGQAAKEFIAWLVKG
[2025-02-05 17:30:02,418][rfdiffusion.inference.model_runners][INFO] - Timestep 26, input to next step: ----------------------------------------------------------------------------------------------------GTFTSDVSSYLEGQAAKEFIAWLVKG
[2025-02-05 17:30:02,766][rfdiffusion.inference.model_runners][INFO] - Timestep 25, input to next step: ----------------------------------------------------------------------------------------------------GTFTSDVSSYLEGQAAKEFIAWLVKG
[2025-02-05 17:30:03,113][rfdiffusion.inference.model_runners][INFO] - Timestep 24, input to next step: ----------------------------------------------------------------------------------------------------GTFTSDVSSYLEGQAAKEFIAWLVKG
[2025-02-05 17:30:03,461][rfdiffusion.inference.model_runners][INFO] - Timestep 23, input to next step: ----------------------------------------------------------------------------------------------------GTFTSDVSSYLEGQAAKEFIAWLVKG
[2025-02-05 17:30:03,808][rfdiffusion.inference.model_runners][INFO] - Timestep 22, input to next step: ----------------------------------------------------------------------------------------------------GTFTSDVSSYLEGQAAKEFIAWLVKG
[2025-02-05 17:30:04,156][rfdiffusion.inference.model_runners][INFO] - Timestep 21, input to next step: ----------------------------------------------------------------------------------------------------GTFTSDVSSYLEGQAAKEFIAWLVKG
[2025-02-05 17:30:04,505][rfdiffusion.inference.model_runners][INFO] - Timestep 20, input to next step: ----------------------------------------------------------------------------------------------------GTFTSDVSSYLEGQAAKEFIAWLVKG
[2025-02-05 17:30:04,854][rfdiffusion.inference.model_runners][INFO] - Timestep 19, input to next step: ----------------------------------------------------------------------------------------------------GTFTSDVSSYLEGQAAKEFIAWLVKG
[2025-02-05 17:30:05,201][rfdiffusion.inference.model_runners][INFO] - Timestep 18, input to next step: ----------------------------------------------------------------------------------------------------GTFTSDVSSYLEGQAAKEFIAWLVKG
[2025-02-05 17:30:05,549][rfdiffusion.inference.model_runners][INFO] - Timestep 17, input to next step: ----------------------------------------------------------------------------------------------------GTFTSDVSSYLEGQAAKEFIAWLVKG
[2025-02-05 17:30:05,898][rfdiffusion.inference.model_runners][INFO] - Timestep 16, input to next step: ----------------------------------------------------------------------------------------------------GTFTSDVSSYLEGQAAKEFIAWLVKG
[2025-02-05 17:30:06,246][rfdiffusion.inference.model_runners][INFO] - Timestep 15, input to next step: ----------------------------------------------------------------------------------------------------GTFTSDVSSYLEGQAAKEFIAWLVKG
[2025-02-05 17:30:06,595][rfdiffusion.inference.model_runners][INFO] - Timestep 14, input to next step: ----------------------------------------------------------------------------------------------------GTFTSDVSSYLEGQAAKEFIAWLVKG
[2025-02-05 17:30:06,942][rfdiffusion.inference.model_runners][INFO] - Timestep 13, input to next step: ----------------------------------------------------------------------------------------------------GTFTSDVSSYLEGQAAKEFIAWLVKG
[2025-02-05 17:30:07,290][rfdiffusion.inference.model_runners][INFO] - Timestep 12, input to next step: ----------------------------------------------------------------------------------------------------GTFTSDVSSYLEGQAAKEFIAWLVKG
[2025-02-05 17:30:07,637][rfdiffusion.inference.model_runners][INFO] - Timestep 11, input to next step: ----------------------------------------------------------------------------------------------------GTFTSDVSSYLEGQAAKEFIAWLVKG
[2025-02-05 17:30:07,984][rfdiffusion.inference.model_runners][INFO] - Timestep 10, input to next step: ----------------------------------------------------------------------------------------------------GTFTSDVSSYLEGQAAKEFIAWLVKG
[2025-02-05 17:30:08,332][rfdiffusion.inference.model_runners][INFO] - Timestep 9, input to next step: ----------------------------------------------------------------------------------------------------GTFTSDVSSYLEGQAAKEFIAWLVKG
[2025-02-05 17:30:08,681][rfdiffusion.inference.model_runners][INFO] - Timestep 8, input to next step: ----------------------------------------------------------------------------------------------------GTFTSDVSSYLEGQAAKEFIAWLVKG
[2025-02-05 17:30:09,028][rfdiffusion.inference.model_runners][INFO] - Timestep 7, input to next step: ----------------------------------------------------------------------------------------------------GTFTSDVSSYLEGQAAKEFIAWLVKG
[2025-02-05 17:30:09,375][rfdiffusion.inference.model_runners][INFO] - Timestep 6, input to next step: ----------------------------------------------------------------------------------------------------GTFTSDVSSYLEGQAAKEFIAWLVKG
[2025-02-05 17:30:09,723][rfdiffusion.inference.model_runners][INFO] - Timestep 5, input to next step: ----------------------------------------------------------------------------------------------------GTFTSDVSSYLEGQAAKEFIAWLVKG
[2025-02-05 17:30:10,069][rfdiffusion.inference.model_runners][INFO] - Timestep 4, input to next step: ----------------------------------------------------------------------------------------------------GTFTSDVSSYLEGQAAKEFIAWLVKG
[2025-02-05 17:30:10,416][rfdiffusion.inference.model_runners][INFO] - Timestep 3, input to next step: ----------------------------------------------------------------------------------------------------GTFTSDVSSYLEGQAAKEFIAWLVKG
[2025-02-05 17:30:10,764][rfdiffusion.inference.model_runners][INFO] - Timestep 2, input to next step: ----------------------------------------------------------------------------------------------------GTFTSDVSSYLEGQAAKEFIAWLVKG
