[2025-02-03 10:20:40,371][__main__][INFO] - ////////////////////////////////////////////////
[2025-02-03 10:20:40,371][__main__][INFO] - ///// NO GPU DETECTED! Falling back to CPU /////
[2025-02-03 10:20:40,371][__main__][INFO] - ////////////////////////////////////////////////
[2025-02-03 10:20:40,371][rfdiffusion.inference.model_runners][INFO] - Reading checkpoint from /home/gangjin/RFdiffusion/rfdiffusion/inference/../../models/Base_ckpt.pt
[2025-02-03 10:20:41,796][rfdiffusion.inference.model_runners][INFO] - Loading checkpoint.
[2025-02-03 10:20:41,904][rfdiffusion.diffusion][INFO] - Using cached IGSO3.
[2025-02-03 10:20:41,910][__main__][INFO] - Making design test_outputs/test_0
[2025-02-03 10:20:41,912][rfdiffusion.inference.model_runners][INFO] - Using contig: ['150-150']
[2025-02-03 10:20:41,926][rfdiffusion.inference.model_runners][INFO] - Sequence init: ------------------------------------------------------------------------------------------------------------------------------------------------------
[2025-02-03 10:20:46,604][rfdiffusion.inference.model_runners][INFO] - Timestep 50, input to next step: ------------------------------------------------------------------------------------------------------------------------------------------------------
[2025-02-03 10:20:51,233][rfdiffusion.inference.model_runners][INFO] - Timestep 49, input to next step: ------------------------------------------------------------------------------------------------------------------------------------------------------
[2025-02-03 10:20:56,018][rfdiffusion.inference.model_runners][INFO] - Timestep 48, input to next step: ------------------------------------------------------------------------------------------------------------------------------------------------------
[2025-02-03 10:21:00,551][rfdiffusion.inference.model_runners][INFO] - Timestep 47, input to next step: ------------------------------------------------------------------------------------------------------------------------------------------------------
[2025-02-03 10:21:05,202][rfdiffusion.inference.model_runners][INFO] - Timestep 46, input to next step: ------------------------------------------------------------------------------------------------------------------------------------------------------
[2025-02-03 10:21:09,789][rfdiffusion.inference.model_runners][INFO] - Timestep 45, input to next step: ------------------------------------------------------------------------------------------------------------------------------------------------------
[2025-02-03 10:21:14,454][rfdiffusion.inference.model_runners][INFO] - Timestep 44, input to next step: ------------------------------------------------------------------------------------------------------------------------------------------------------
[2025-02-03 10:21:19,209][rfdiffusion.inference.model_runners][INFO] - Timestep 43, input to next step: ------------------------------------------------------------------------------------------------------------------------------------------------------
[2025-02-03 10:21:23,907][rfdiffusion.inference.model_runners][INFO] - Timestep 42, input to next step: ------------------------------------------------------------------------------------------------------------------------------------------------------
[2025-02-03 10:21:28,591][rfdiffusion.inference.model_runners][INFO] - Timestep 41, input to next step: ------------------------------------------------------------------------------------------------------------------------------------------------------
[2025-02-03 10:21:33,174][rfdiffusion.inference.model_runners][INFO] - Timestep 40, input to next step: ------------------------------------------------------------------------------------------------------------------------------------------------------
[2025-02-03 10:21:37,751][rfdiffusion.inference.model_runners][INFO] - Timestep 39, input to next step: ------------------------------------------------------------------------------------------------------------------------------------------------------
[2025-02-03 10:21:42,331][rfdiffusion.inference.model_runners][INFO] - Timestep 38, input to next step: ------------------------------------------------------------------------------------------------------------------------------------------------------
[2025-02-03 10:21:47,245][rfdiffusion.inference.model_runners][INFO] - Timestep 37, input to next step: ------------------------------------------------------------------------------------------------------------------------------------------------------
[2025-02-03 10:21:51,914][rfdiffusion.inference.model_runners][INFO] - Timestep 36, input to next step: ------------------------------------------------------------------------------------------------------------------------------------------------------
[2025-02-03 10:21:56,618][rfdiffusion.inference.model_runners][INFO] - Timestep 35, input to next step: ------------------------------------------------------------------------------------------------------------------------------------------------------
[2025-02-03 10:22:01,214][rfdiffusion.inference.model_runners][INFO] - Timestep 34, input to next step: ------------------------------------------------------------------------------------------------------------------------------------------------------
[2025-02-03 10:22:05,890][rfdiffusion.inference.model_runners][INFO] - Timestep 33, input to next step: ------------------------------------------------------------------------------------------------------------------------------------------------------
[2025-02-03 10:22:10,426][rfdiffusion.inference.model_runners][INFO] - Timestep 32, input to next step: ------------------------------------------------------------------------------------------------------------------------------------------------------
[2025-02-03 10:22:15,283][rfdiffusion.inference.model_runners][INFO] - Timestep 31, input to next step: ------------------------------------------------------------------------------------------------------------------------------------------------------
[2025-02-03 10:22:19,802][rfdiffusion.inference.model_runners][INFO] - Timestep 30, input to next step: ------------------------------------------------------------------------------------------------------------------------------------------------------
[2025-02-03 10:22:24,503][rfdiffusion.inference.model_runners][INFO] - Timestep 29, input to next step: ------------------------------------------------------------------------------------------------------------------------------------------------------
[2025-02-03 10:22:29,023][rfdiffusion.inference.model_runners][INFO] - Timestep 28, input to next step: ------------------------------------------------------------------------------------------------------------------------------------------------------
[2025-02-03 10:22:33,711][rfdiffusion.inference.model_runners][INFO] - Timestep 27, input to next step: ------------------------------------------------------------------------------------------------------------------------------------------------------
[2025-02-03 10:22:38,213][rfdiffusion.inference.model_runners][INFO] - Timestep 26, input to next step: ------------------------------------------------------------------------------------------------------------------------------------------------------
[2025-02-03 10:22:42,780][rfdiffusion.inference.model_runners][INFO] - Timestep 25, input to next step: ------------------------------------------------------------------------------------------------------------------------------------------------------
[2025-02-03 10:22:47,349][rfdiffusion.inference.model_runners][INFO] - Timestep 24, input to next step: ------------------------------------------------------------------------------------------------------------------------------------------------------
[2025-02-03 10:22:51,922][rfdiffusion.inference.model_runners][INFO] - Timestep 23, input to next step: ------------------------------------------------------------------------------------------------------------------------------------------------------
[2025-02-03 10:22:56,575][rfdiffusion.inference.model_runners][INFO] - Timestep 22, input to next step: ------------------------------------------------------------------------------------------------------------------------------------------------------
[2025-02-03 10:23:01,106][rfdiffusion.inference.model_runners][INFO] - Timestep 21, input to next step: ------------------------------------------------------------------------------------------------------------------------------------------------------
[2025-02-03 10:23:05,818][rfdiffusion.inference.model_runners][INFO] - Timestep 20, input to next step: ------------------------------------------------------------------------------------------------------------------------------------------------------
[2025-02-03 10:23:10,463][rfdiffusion.inference.model_runners][INFO] - Timestep 19, input to next step: ------------------------------------------------------------------------------------------------------------------------------------------------------
[2025-02-03 10:23:15,127][rfdiffusion.inference.model_runners][INFO] - Timestep 18, input to next step: ------------------------------------------------------------------------------------------------------------------------------------------------------
[2025-02-03 10:23:19,692][rfdiffusion.inference.model_runners][INFO] - Timestep 17, input to next step: ------------------------------------------------------------------------------------------------------------------------------------------------------
[2025-02-03 10:23:24,303][rfdiffusion.inference.model_runners][INFO] - Timestep 16, input to next step: ------------------------------------------------------------------------------------------------------------------------------------------------------
[2025-02-03 10:23:28,811][rfdiffusion.inference.model_runners][INFO] - Timestep 15, input to next step: ------------------------------------------------------------------------------------------------------------------------------------------------------
[2025-02-03 10:23:33,506][rfdiffusion.inference.model_runners][INFO] - Timestep 14, input to next step: ------------------------------------------------------------------------------------------------------------------------------------------------------
[2025-02-03 10:23:37,999][rfdiffusion.inference.model_runners][INFO] - Timestep 13, input to next step: ------------------------------------------------------------------------------------------------------------------------------------------------------
[2025-02-03 10:23:42,602][rfdiffusion.inference.model_runners][INFO] - Timestep 12, input to next step: ------------------------------------------------------------------------------------------------------------------------------------------------------
[2025-02-03 10:23:47,237][rfdiffusion.inference.model_runners][INFO] - Timestep 11, input to next step: ------------------------------------------------------------------------------------------------------------------------------------------------------
[2025-02-03 10:23:51,860][rfdiffusion.inference.model_runners][INFO] - Timestep 10, input to next step: ------------------------------------------------------------------------------------------------------------------------------------------------------
[2025-02-03 10:23:56,395][rfdiffusion.inference.model_runners][INFO] - Timestep 9, input to next step: ------------------------------------------------------------------------------------------------------------------------------------------------------
[2025-02-03 10:24:01,044][rfdiffusion.inference.model_runners][INFO] - Timestep 8, input to next step: ------------------------------------------------------------------------------------------------------------------------------------------------------
[2025-02-03 10:24:05,589][rfdiffusion.inference.model_runners][INFO] - Timestep 7, input to next step: ------------------------------------------------------------------------------------------------------------------------------------------------------
[2025-02-03 10:24:10,223][rfdiffusion.inference.model_runners][INFO] - Timestep 6, input to next step: ------------------------------------------------------------------------------------------------------------------------------------------------------
[2025-02-03 10:24:14,819][rfdiffusion.inference.model_runners][INFO] - Timestep 5, input to next step: ------------------------------------------------------------------------------------------------------------------------------------------------------
[2025-02-03 10:24:19,414][rfdiffusion.inference.model_runners][INFO] - Timestep 4, input to next step: ------------------------------------------------------------------------------------------------------------------------------------------------------
[2025-02-03 10:24:23,899][rfdiffusion.inference.model_runners][INFO] - Timestep 3, input to next step: ------------------------------------------------------------------------------------------------------------------------------------------------------
[2025-02-03 10:24:28,549][rfdiffusion.inference.model_runners][INFO] - Timestep 2, input to next step: ------------------------------------------------------------------------------------------------------------------------------------------------------
[2025-02-03 10:24:33,895][__main__][INFO] - Finished design in 3.87 minutes
[2025-02-03 10:24:33,895][__main__][INFO] - Making design test_outputs/test_1
[2025-02-03 10:24:33,895][__main__][INFO] - (cautious mode) Skipping this design because test_outputs/test_1.pdb already exists.
[2025-02-03 10:24:33,895][__main__][INFO] - Making design test_outputs/test_2
[2025-02-03 10:24:33,896][__main__][INFO] - (cautious mode) Skipping this design because test_outputs/test_2.pdb already exists.
[2025-02-03 10:24:33,896][__main__][INFO] - Making design test_outputs/test_3
[2025-02-03 10:24:33,896][__main__][INFO] - (cautious mode) Skipping this design because test_outputs/test_3.pdb already exists.
[2025-02-03 10:24:33,896][__main__][INFO] - Making design test_outputs/test_4
[2025-02-03 10:24:33,896][__main__][INFO] - (cautious mode) Skipping this design because test_outputs/test_4.pdb already exists.
[2025-02-03 10:24:33,896][__main__][INFO] - Making design test_outputs/test_5
[2025-02-03 10:24:33,896][__main__][INFO] - (cautious mode) Skipping this design because test_outputs/test_5.pdb already exists.
[2025-02-03 10:24:33,896][__main__][INFO] - Making design test_outputs/test_6
[2025-02-03 10:24:33,896][__main__][INFO] - (cautious mode) Skipping this design because test_outputs/test_6.pdb already exists.
[2025-02-03 10:24:33,896][__main__][INFO] - Making design test_outputs/test_7
[2025-02-03 10:24:33,896][__main__][INFO] - (cautious mode) Skipping this design because test_outputs/test_7.pdb already exists.
[2025-02-03 10:24:33,896][__main__][INFO] - Making design test_outputs/test_8
[2025-02-03 10:24:33,896][__main__][INFO] - (cautious mode) Skipping this design because test_outputs/test_8.pdb already exists.
[2025-02-03 10:24:33,896][__main__][INFO] - Making design test_outputs/test_9
[2025-02-03 10:24:33,896][__main__][INFO] - (cautious mode) Skipping this design because test_outputs/test_9.pdb already exists.
